<?xml version="1.0" encoding="UTF-8"?>
<coverage generated="1774358717921" clover="3.2.0">
  <project timestamp="1774358717921" name="All files">
    <metrics statements="26" coveredstatements="26" conditionals="9" coveredconditionals="8" methods="13" coveredmethods="13" elements="48" coveredelements="47" complexity="0" loc="26" ncloc="26" packages="2" files="2" classes="2"/>
    <package name="src">
      <metrics statements="4" coveredstatements="4" conditionals="0" coveredconditionals="0" methods="1" coveredmethods="1"/>
      <file name="App.tsx" path="C:\Users\Lenovo\Desktop\Lab_10\testing-app\src\App.tsx">
        <metrics statements="4" coveredstatements="4" conditionals="0" coveredconditionals="0" methods="1" coveredmethods="1"/>
        <line num="1" count="1" type="stmt"/>
        <line num="2" count="1" type="stmt"/>
        <line num="5" count="1" type="stmt"/>
        <line num="12" count="1" type="stmt"/>
      </file>
    </package>
    <package name="src.components">
      <metrics statements="22" coveredstatements="22" conditionals="9" coveredconditionals="8" methods="12" coveredmethods="12"/>
      <file name="TodoList.tsx" path="C:\Users\Lenovo\Desktop\Lab_10\testing-app\src\components\TodoList.tsx">
        <metrics statements="22" coveredstatements="22" conditionals="9" coveredconditionals="8" methods="12" coveredmethods="12"/>
        <line num="1" count="2" type="stmt"/>
        <line num="13" count="2" type="cond" truecount="1" falsecount="0"/>
        <line num="14" count="49" type="stmt"/>
        <line num="15" count="49" type="stmt"/>
        <line num="17" count="49" type="stmt"/>
        <line num="18" count="4" type="cond" truecount="2" falsecount="0"/>
        <line num="19" count="3" type="stmt"/>
        <line num="23" count="3" type="stmt"/>
        <line num="27" count="49" type="stmt"/>
        <line num="28" count="1" type="stmt"/>
        <line num="30" count="1" type="cond" truecount="1" falsecount="1"/>
        <line num="35" count="49" type="stmt"/>
        <line num="36" count="1" type="stmt"/>
        <line num="39" count="49" type="stmt"/>
        <line num="40" count="36" type="cond" truecount="2" falsecount="0"/>
        <line num="41" count="1" type="stmt"/>
        <line num="45" count="49" type="stmt"/>
        <line num="54" count="35" type="stmt"/>
        <line num="65" count="7" type="stmt"/>
        <line num="74" count="1" type="stmt"/>
        <line num="77" count="1" type="stmt"/>
        <line num="85" count="7" type="stmt"/>
      </file>
    </package>
  </project>
</coverage>
