{"C:\\Users\\Lenovo\\Desktop\\Lab_10\\testing-app\\src\\App.tsx": {"path":"C:\\Users\\Lenovo\\Desktop\\Lab_10\\testing-app\\src\\App.tsx","statementMap":{"0":{"start":{"line":1,"column":0},"end":{"line":1,"column":48}},"1":{"start":{"line":2,"column":0},"end":{"line":2,"column":18}},"2":{"start":{"line":5,"column":2},"end":{"line":9,"column":null}},"3":{"start":{"line":12,"column":0},"end":{"line":12,"column":null}}},"fnMap":{"0":{"name":"App","decl":{"start":{"line":4,"column":9},"end":{"line":4,"column":12}},"loc":{"start":{"line":4,"column":12},"end":{"line":10,"column":1}}}},"branchMap":{},"s":{"0":1,"1":1,"2":1,"3":1},"f":{"0":1},"b":{}}
,"C:\\Users\\Lenovo\\Desktop\\Lab_10\\testing-app\\src\\components\\TodoList.tsx": {"path":"C:\\Users\\Lenovo\\Desktop\\Lab_10\\testing-app\\src\\components\\TodoList.tsx","statementMap":{"0":{"start":{"line":13,"column":0},"end":{"line":13,"column":16}},"1":{"start":{"line":1,"column":0},"end":{"line":1,"column":32}},"2":{"start":{"line":14,"column":28},"end":{"line":14,"column":58}},"3":{"start":{"line":15,"column":32},"end":{"line":15,"column":44}},"4":{"start":{"line":17,"column":18},"end":{"line":25,"column":3}},"5":{"start":{"line":18,"column":4},"end":{"line":24,"column":5}},"6":{"start":{"line":19,"column":6},"end":{"line":22,"column":null}},"7":{"start":{"line":23,"column":6},"end":{"line":23,"column":null}},"8":{"start":{"line":27,"column":21},"end":{"line":33,"column":3}},"9":{"start":{"line":28,"column":4},"end":{"line":32,"column":null}},"10":{"start":{"line":30,"column":8},"end":{"line":30,"column":71}},"11":{"start":{"line":35,"column":21},"end":{"line":37,"column":3}},"12":{"start":{"line":36,"column":4},"end":{"line":36,"column":null}},"13":{"start":{"line":36,"column":36},"end":{"line":36,"column":50}},"14":{"start":{"line":39,"column":24},"end":{"line":43,"column":3}},"15":{"start":{"line":40,"column":4},"end":{"line":42,"column":5}},"16":{"start":{"line":41,"column":6},"end":{"line":41,"column":null}},"17":{"start":{"line":45,"column":2},"end":{"line":88,"column":null}},"18":{"start":{"line":54,"column":27},"end":{"line":54,"column":53}},"19":{"start":{"line":65,"column":10},"end":{"line":66,"column":null}},"20":{"start":{"line":74,"column":30},"end":{"line":74,"column":49}},"21":{"start":{"line":77,"column":63},"end":{"line":77,"column":82}},"22":{"start":{"line":85,"column":51},"end":{"line":85,"column":62}}},"fnMap":{"0":{"name":"TodoList","decl":{"start":{"line":13,"column":16},"end":{"line":13,"column":24}},"loc":{"start":{"line":13,"column":61},"end":{"line":89,"column":1}}},"1":{"name":"(anonymous_1)","decl":{"start":{"line":17,"column":18},"end":{"line":17,"column":21}},"loc":{"start":{"line":17,"column":23},"end":{"line":25,"column":3}}},"2":{"name":"(anonymous_2)","decl":{"start":{"line":27,"column":21},"end":{"line":27,"column":22}},"loc":{"start":{"line":27,"column":36},"end":{"line":33,"column":3}}},"3":{"name":"(anonymous_3)","decl":{"start":{"line":29,"column":16},"end":{"line":29,"column":17}},"loc":{"start":{"line":30,"column":8},"end":{"line":30,"column":71}}},"4":{"name":"(anonymous_4)","decl":{"start":{"line":35,"column":21},"end":{"line":35,"column":22}},"loc":{"start":{"line":35,"column":36},"end":{"line":37,"column":3}}},"5":{"name":"(anonymous_5)","decl":{"start":{"line":36,"column":26},"end":{"line":36,"column":27}},"loc":{"start":{"line":36,"column":36},"end":{"line":36,"column":50}}},"6":{"name":"(anonymous_6)","decl":{"start":{"line":39,"column":24},"end":{"line":39,"column":25}},"loc":{"start":{"line":39,"column":69},"end":{"line":43,"column":3}}},"7":{"name":"(anonymous_7)","decl":{"start":{"line":54,"column":20},"end":{"line":54,"column":21}},"loc":{"start":{"line":54,"column":27},"end":{"line":54,"column":53}}},"8":{"name":"(anonymous_8)","decl":{"start":{"line":64,"column":19},"end":{"line":64,"column":20}},"loc":{"start":{"line":65,"column":10},"end":{"line":66,"column":null}}},"9":{"name":"(anonymous_9)","decl":{"start":{"line":74,"column":24},"end":{"line":74,"column":27}},"loc":{"start":{"line":74,"column":30},"end":{"line":74,"column":49}}},"10":{"name":"(anonymous_10)","decl":{"start":{"line":77,"column":57},"end":{"line":77,"column":60}},"loc":{"start":{"line":77,"column":63},"end":{"line":77,"column":82}}},"11":{"name":"(anonymous_11)","decl":{"start":{"line":85,"column":44},"end":{"line":85,"column":45}},"loc":{"start":{"line":85,"column":51},"end":{"line":85,"column":62}}}},"branchMap":{"0":{"loc":{"start":{"line":13,"column":27},"end":{"line":13,"column":44}},"type":"default-arg","locations":[{"start":{"line":13,"column":42},"end":{"line":13,"column":44}}]},"1":{"loc":{"start":{"line":18,"column":4},"end":{"line":24,"column":5}},"type":"if","locations":[{"start":{"line":18,"column":4},"end":{"line":24,"column":5}},{"start":{},"end":{}}]},"2":{"loc":{"start":{"line":30,"column":8},"end":{"line":30,"column":71}},"type":"cond-expr","locations":[{"start":{"line":30,"column":25},"end":{"line":30,"column":64}},{"start":{"line":30,"column":67},"end":{"line":30,"column":71}}]},"3":{"loc":{"start":{"line":40,"column":4},"end":{"line":42,"column":5}},"type":"if","locations":[{"start":{"line":40,"column":4},"end":{"line":42,"column":5}},{"start":{},"end":{}}]},"4":{"loc":{"start":{"line":68,"column":23},"end":{"line":68,"column":56}},"type":"cond-expr","locations":[{"start":{"line":68,"column":40},"end":{"line":68,"column":51}},{"start":{"line":68,"column":54},"end":{"line":68,"column":56}}]}},"s":{"0":2,"1":2,"2":49,"3":49,"4":49,"5":4,"6":3,"7":3,"8":49,"9":1,"10":1,"11":49,"12":1,"13":1,"14":49,"15":36,"16":1,"17":49,"18":35,"19":7,"20":1,"21":1,"22":7},"f":{"0":49,"1":4,"2":1,"3":1,"4":1,"5":1,"6":36,"7":35,"8":7,"9":1,"10":1,"11":7},"b":{"0":[44],"1":[3,1],"2":[1,0],"3":[1,35],"4":[1,6]}}
}
