TN:
SF:src\App.tsx
FN:4,App
FNF:1
FNH:1
FNDA:1,App
DA:1,1
DA:2,1
DA:5,1
DA:12,1
LF:4
LH:4
BRF:0
BRH:0
end_of_record
TN:
SF:src\components\TodoList.tsx
FN:13,TodoList
FN:17,(anonymous_1)
FN:27,(anonymous_2)
FN:29,(anonymous_3)
FN:35,(anonymous_4)
FN:36,(anonymous_5)
FN:39,(anonymous_6)
FN:54,(anonymous_7)
FN:64,(anonymous_8)
FN:74,(anonymous_9)
FN:77,(anonymous_10)
FN:85,(anonymous_11)
FNF:12
FNH:12
FNDA:49,TodoList
FNDA:4,(anonymous_1)
FNDA:1,(anonymous_2)
FNDA:1,(anonymous_3)
FNDA:1,(anonymous_4)
FNDA:1,(anonymous_5)
FNDA:36,(anonymous_6)
FNDA:35,(anonymous_7)
FNDA:7,(anonymous_8)
FNDA:1,(anonymous_9)
FNDA:1,(anonymous_10)
FNDA:7,(anonymous_11)
DA:1,2
DA:13,2
DA:14,49
DA:15,49
DA:17,49
DA:18,4
DA:19,3
DA:23,3
DA:27,49
DA:28,1
DA:30,1
DA:35,49
DA:36,1
DA:39,49
DA:40,36
DA:41,1
DA:45,49
DA:54,35
DA:65,7
DA:74,1
DA:77,1
DA:85,7
LF:22
LH:22
BRDA:13,0,0,44
BRDA:18,1,0,3
BRDA:18,1,1,1
BRDA:30,2,0,1
BRDA:30,2,1,0
BRDA:40,3,0,1
BRDA:40,3,1,35
BRDA:68,4,0,1
BRDA:68,4,1,6
BRF:9
BRH:8
end_of_record
